srun: error: ioctl(TIOCGWINSZ): Inappropriate ioctl for device
srun: error: Not using a pseudo-terminal, disregarding --pty option
[ERROR] File already exists: /raid/local/containers/enroot-data/user-1787/pytorch
Sliding Window Attention is enabled but not implemented for `sdpa`; unexpected results may be encountered.
Loading checkpoint shards:   0%|          | 0/17 [00:00<?, ?it/s]Loading checkpoint shards:   6%|▌         | 1/17 [00:01<00:17,  1.11s/it]Loading checkpoint shards:  12%|█▏        | 2/17 [00:01<00:12,  1.22it/s]Loading checkpoint shards:  18%|█▊        | 3/17 [00:02<00:10,  1.29it/s]Loading checkpoint shards:  24%|██▎       | 4/17 [00:03<00:09,  1.39it/s]Loading checkpoint shards:  29%|██▉       | 5/17 [00:03<00:08,  1.48it/s]Loading checkpoint shards:  35%|███▌      | 6/17 [00:04<00:07,  1.56it/s]Loading checkpoint shards:  41%|████      | 7/17 [00:04<00:06,  1.51it/s]Loading checkpoint shards:  47%|████▋     | 8/17 [00:05<00:05,  1.55it/s]Loading checkpoint shards:  53%|█████▎    | 9/17 [00:06<00:05,  1.59it/s]Loading checkpoint shards:  59%|█████▉    | 10/17 [00:06<00:04,  1.60it/s]Loading checkpoint shards:  65%|██████▍   | 11/17 [00:07<00:03,  1.61it/s]Loading checkpoint shards:  71%|███████   | 12/17 [00:07<00:03,  1.63it/s]Loading checkpoint shards:  76%|███████▋  | 13/17 [00:08<00:02,  1.66it/s]Loading checkpoint shards:  82%|████████▏ | 14/17 [00:09<00:01,  1.69it/s]Loading checkpoint shards:  88%|████████▊ | 15/17 [00:09<00:01,  1.71it/s]Loading checkpoint shards:  94%|█████████▍| 16/17 [00:10<00:00,  1.72it/s]Loading checkpoint shards: 100%|██████████| 17/17 [00:10<00:00,  1.84it/s]Loading checkpoint shards: 100%|██████████| 17/17 [00:10<00:00,  1.58it/s]
/home/projects/fraudagent/hase-michael/V3/gen.py:68: FutureWarning: Setting an item of incompatible dtype is deprecated and will raise an error in a future version of pandas. Value '```json
{
  "source": "Search Warrant",
  "fraud_type": "Obtaining Property By Deception",
  "police_reference": "KTRN230■■■■",
  "writ_no": "8■■■",
  "contact_person": "PC 1■■■■",
  "police_team": "District Technology and Financial Crime Squad, Kwun Tong District, Hong Kong Police Force",
  "alerted_transactions": []
}
```' has dtype incompatible with float64, please explicitly cast to a compatible dtype first.
  df.at[index, "Generated Output"] = response
srun: Job step aborted: Waiting up to 32 seconds for job step to finish.
slurmstepd: error: *** JOB 62323 ON klb-dgx-002 CANCELLED AT 2025-05-28T13:39:50 ***
slurmstepd: error: *** STEP 62323.0 ON klb-dgx-002 CANCELLED AT 2025-05-28T13:39:50 ***
