[ERROR] File already exists: /raid/local/containers/enroot-data/user-1787/pytorch
Loading checkpoint shards:   0%|          | 0/30 [00:00<?, ?it/s]Loading checkpoint shards:   3%|▎         | 1/30 [00:06<03:16,  6.77s/it]Loading checkpoint shards:   7%|▋         | 2/30 [00:19<04:53, 10.49s/it]Loading checkpoint shards:  10%|█         | 3/30 [00:26<04:01,  8.95s/it]Loading checkpoint shards:  13%|█▎        | 4/30 [00:27<02:29,  5.76s/it]Loading checkpoint shards:  17%|█▋        | 5/30 [00:28<01:39,  3.98s/it]Loading checkpoint shards:  20%|██        | 6/30 [00:29<01:09,  2.91s/it]Loading checkpoint shards:  23%|██▎       | 7/30 [00:41<02:16,  5.93s/it]Loading checkpoint shards:  27%|██▋       | 8/30 [00:42<01:36,  4.40s/it]Loading checkpoint shards:  30%|███       | 9/30 [00:43<01:10,  3.35s/it]Loading checkpoint shards:  33%|███▎      | 10/30 [00:44<00:52,  2.63s/it]Loading checkpoint shards:  37%|███▋      | 11/30 [00:45<00:40,  2.15s/it]Loading checkpoint shards:  40%|████      | 12/30 [00:46<00:32,  1.82s/it]Loading checkpoint shards:  43%|████▎     | 13/30 [00:48<00:27,  1.61s/it]Loading checkpoint shards:  47%|████▋     | 14/30 [00:49<00:23,  1.46s/it]Loading checkpoint shards:  50%|█████     | 15/30 [00:50<00:19,  1.33s/it]Loading checkpoint shards:  53%|█████▎    | 16/30 [00:51<00:17,  1.23s/it]Loading checkpoint shards:  57%|█████▋    | 17/30 [00:52<00:14,  1.14s/it]Loading checkpoint shards:  57%|█████▋    | 17/30 [00:52<00:40,  3.10s/it]
Traceback (most recent call last):
  File "/home/projects/fraudagent/hase-michael/V3/batch.py", line 64, in <module>
    main()
  File "/home/projects/fraudagent/hase-michael/V3/batch.py", line 61, in main
    process_chunk(chunks[gpu_index], model_name, gpu_index)
  File "/home/projects/fraudagent/hase-michael/V3/batch.py", line 8, in process_chunk
    model = AutoModelForCausalLM.from_pretrained(
  File "/usr/local/lib/python3.10/dist-packages/transformers/models/auto/auto_factory.py", line 571, in from_pretrained
    return model_class.from_pretrained(
  File "/usr/local/lib/python3.10/dist-packages/transformers/modeling_utils.py", line 279, in _wrapper
    return func(*args, **kwargs)
  File "/usr/local/lib/python3.10/dist-packages/transformers/modeling_utils.py", line 4399, in from_pretrained
    ) = cls._load_pretrained_model(
  File "/usr/local/lib/python3.10/dist-packages/transformers/modeling_utils.py", line 4833, in _load_pretrained_model
    disk_offload_index, cpu_offload_index = _load_state_dict_into_meta_model(
  File "/usr/local/lib/python3.10/dist-packages/torch/utils/_contextlib.py", line 116, in decorate_context
    return func(*args, **kwargs)
  File "/usr/local/lib/python3.10/dist-packages/transformers/modeling_utils.py", line 787, in _load_state_dict_into_meta_model
    param = param[...]
torch.OutOfMemoryError: CUDA out of memory. Tried to allocate 448.00 MiB. GPU 0 has a total capacity of 79.11 GiB of which 116.88 MiB is free. Including non-PyTorch memory, this process has 78.99 GiB memory in use. Of the allocated memory 78.46 GiB is allocated by PyTorch, and 24.48 MiB is reserved by PyTorch but unallocated. If reserved but unallocated memory is large try setting PYTORCH_CUDA_ALLOC_CONF=expandable_segments:True to avoid fragmentation.  See documentation for Memory Management  (https://pytorch.org/docs/stable/notes/cuda.html#environment-variables)
